#
# There is insufficient memory for the Java Runtime Environment to continue.
# Native memory allocation (mmap) failed to map 4294967296 bytes. Error detail: committing reserved memory.
# Possible reasons:
#   The system is out of physical RAM or swap space
#   This process is running with CompressedOops enabled, and the Java Heap may be blocking the growth of the native heap
# Possible solutions:
#   Reduce memory load on the system
#   Increase physical memory or swap space
#   Check if swap backing store is full
#   Decrease Java heap size (-Xmx/-Xms)
#   Decrease number of Java threads
#   Decrease Java thread stack sizes (-Xss)
#   Set larger code cache with -XX:ReservedCodeCacheSize=
#   JVM is running with Zero Based Compressed Oops mode in which the Java heap is
#     placed in the first 32GB address space. The Java Heap base address is the
#     maximum limit for the native heap growth. Please use -XX:HeapBaseMinAddress
#     to set the Java Heap base and to place the Java Heap above 32GB virtual address.
# This output file may be truncated or incomplete.
#
#  Out of Memory Error (os_linux.cpp:2838), pid=4273, tid=4274
#
# JRE version:  (17.0.11+9) (build )
# Java VM: OpenJDK 64-Bit Server VM (17.0.11+9-Ubuntu-120.04.2, mixed mode, sharing, tiered, compressed oops, compressed class ptrs, g1 gc, linux-amd64)
# Core dump will be written. Default location: Core dumps may be processed with "/usr/share/apport/apport -p%p -s%s -c%c -d%d -P%P -u%u -g%g -- %E" (or dumping to /home/azureuser/minecraft-server/core.4273)
#

---------------  S U M M A R Y ------------

Command Line: -Xmx4G -Xms4G paper-1.21-99.jar nogui

Host: Intel(R) Xeon(R) Platinum 8272CL CPU @ 2.60GHz, 2 cores, 3G, Ubuntu 20.04.6 LTS
Time: Mon Jul 22 13:35:52 2024 UTC elapsed time: 0.050868 seconds (0d 0h 0m 0s)

---------------  T H R E A D  ---------------

Current thread (0x00007f6d980138a0):  JavaThread "Unknown thread" [_thread_in_vm, id=4274, stack(0x00007f6d9d797000,0x00007f6d9d898000)]

Stack: [0x00007f6d9d797000,0x00007f6d9d898000],  sp=0x00007f6d9d896460,  free space=1021k
Native frames: (J=compiled Java code, j=interpreted, Vv=VM code, C=native code)
V  [libjvm.so+0xf274f5]  VMError::report_and_die(int, char const*, char const*, __va_list_tag*, Thread*, unsigned char*, void*, void*, char const*, int, unsigned long)+0x175
V  [libjvm.so+0xf280b1]  VMError::report_and_die(Thread*, char const*, int, unsigned long, VMErrorType, char const*, __va_list_tag*)+0x31
V  [libjvm.so+0x6116f0]  report_vm_out_of_memory(char const*, int, unsigned long, VMErrorType, char const*, ...)+0xe0
V  [libjvm.so+0xc32a10]  os::pd_commit_memory_or_exit(char*, unsigned long, unsigned long, bool, char const*)+0xe0
V  [libjvm.so+0xc2c2f1]  os::commit_memory_or_exit(char*, unsigned long, unsigned long, bool, char const*)+0x21
V  [libjvm.so+0x74134e]  G1PageBasedVirtualSpace::commit(unsigned long, unsigned long)+0x18e
V  [libjvm.so+0x755e11]  G1RegionsLargerThanCommitSizeMapper::commit_regions(unsigned int, unsigned long, WorkGang*)+0x1a1
V  [libjvm.so+0x7ea3bc]  HeapRegionManager::commit_regions(unsigned int, unsigned long, WorkGang*)+0x5c
V  [libjvm.so+0x7eb419]  HeapRegionManager::expand(unsigned int, unsigned int, WorkGang*)+0x39
V  [libjvm.so+0x7eb63e]  HeapRegionManager::expand_by(unsigned int, WorkGang*)+0x7e
V  [libjvm.so+0x6fa26f]  G1CollectedHeap::expand(unsigned long, WorkGang*, double*)+0xef
V  [libjvm.so+0x6faa2f]  G1CollectedHeap::initialize()+0x73f
V  [libjvm.so+0xed4de6]  universe_init()+0xd6
V  [libjvm.so+0x80caab]  init_globals()+0x3b
V  [libjvm.so+0xeaaaac]  Threads::create_vm(JavaVMInitArgs*, bool*)+0x34c
V  [libjvm.so+0x8db015]  JNI_CreateJavaVM+0x55
C  [libjli.so+0x3df3]  JavaMain+0x93
C  [libjli.so+0x817d]  ThreadJavaMain+0xd


---------------  P R O C E S S  ---------------

Threads class SMR info:
_java_thread_list=0x00007f6d9ef5d000, length=0, elements={
}

Java Threads: ( => current thread )

Other Threads:
  0x00007f6d9807f300 GCTaskThread "GC Thread#0" [stack: 0x00007f6d9c21a000,0x00007f6d9c31a000] [id=4275]
  0x00007f6d980908e0 ConcurrentGCThread "G1 Main Marker" [stack: 0x00007f6d9c119000,0x00007f6d9c219000] [id=4277]
  0x00007f6d98091850 ConcurrentGCThread "G1 Conc#0" [stack: 0x00007f6d9c018000,0x00007f6d9c118000] [id=4278]

[error occurred during error reporting (printing all threads), id 0xb, SIGSEGV (0xb) at pc=0x00007f6d9e3012c4]

VM state: not at safepoint (not fully initialized)

VM Mutex/Monitor currently owned by a thread:  ([mutex/lock_event])
[0x00007f6d98010c40] Heap_lock - owner thread: 0x00007f6d980138a0

Heap address: 0x0000000700000000, size: 4096 MB, Compressed Oops mode: Zero based, Oop shift amount: 3

CDS archive(s) mapped at: [0x0000000000000000-0x0000000000000000-0x0000000000000000), size 0, SharedBaseAddress: 0x0000000800000000, ArchiveRelocationMode: 1.
Narrow klass base: 0x0000000000000000, Narrow klass shift: 0, Narrow klass range: 0x0

GC Precious Log:
<Empty>

Heap:
 garbage-first heap   total 0K, used 0K [0x0000000700000000, 0x0000000800000000)
  region size 2048K, 0 young (0K), 0 survivors (0K)

[error occurred during error reporting (printing heap information), id 0xb, SIGSEGV (0xb) at pc=0x00007f6d9e8c7dee]

GC Heap History (0 events):
No events

Dll operation events (1 events):
Event: 0.002 Loaded shared library /usr/lib/jvm/java-17-openjdk-amd64/lib/libjava.so

Deoptimization events (0 events):
No events

Classes unloaded (0 events):
No events

Classes redefined (0 events):
No events

Internal exceptions (0 events):
No events

VM Operations (0 events):
No events

Events (1 events):
Event: 0.002 Protecting memory [0x00007f6d9d797000,0x00007f6d9d79b000] with protection modes 0


Dynamic libraries:
55dae733b000-55dae733c000 r--p 00000000 08:01 520197                     /usr/lib/jvm/java-17-openjdk-amd64/bin/java
55dae733c000-55dae733d000 r-xp 00001000 08:01 520197                     /usr/lib/jvm/java-17-openjdk-amd64/bin/java
55dae733d000-55dae733e000 r--p 00002000 08:01 520197                     /usr/lib/jvm/java-17-openjdk-amd64/bin/java
55dae733e000-55dae733f000 r--p 00002000 08:01 520197                     /usr/lib/jvm/java-17-openjdk-amd64/bin/java
55dae733f000-55dae7340000 rw-p 00003000 08:01 520197                     /usr/lib/jvm/java-17-openjdk-amd64/bin/java
55dae7d97000-55dae7dde000 rw-p 00000000 00:00 0                          [heap]
7f6d6a000000-7f6d6c000000 rw-p 00000000 00:00 0 
7f6d6c000000-7f6d6c021000 rw-p 00000000 00:00 0 
7f6d6c021000-7f6d70000000 ---p 00000000 00:00 0 
7f6d70000000-7f6d70021000 rw-p 00000000 00:00 0 
7f6d70021000-7f6d74000000 ---p 00000000 00:00 0 
7f6d74000000-7f6d74021000 rw-p 00000000 00:00 0 
7f6d74021000-7f6d78000000 ---p 00000000 00:00 0 
7f6d787a3000-7f6d78d87000 rw-p 00000000 00:00 0 
7f6d78d87000-7f6d81587000 ---p 00000000 00:00 0 
7f6d81587000-7f6d817f7000 rwxp 00000000 00:00 0 
7f6d817f7000-7f6d88abf000 ---p 00000000 00:00 0 
7f6d88abf000-7f6d88d2f000 rwxp 00000000 00:00 0 
7f6d88d2f000-7f6d8904e000 ---p 00000000 00:00 0 
7f6d8904e000-7f6d892be000 rwxp 00000000 00:00 0 
7f6d892be000-7f6d90587000 ---p 00000000 00:00 0 
7f6d90587000-7f6d98000000 r--s 00000000 08:01 520623                     /usr/lib/jvm/java-17-openjdk-amd64/lib/modules
7f6d98000000-7f6d980a7000 rw-p 00000000 00:00 0 
7f6d980a7000-7f6d9c000000 ---p 00000000 00:00 0 
7f6d9c017000-7f6d9c018000 ---p 00000000 00:00 0 
7f6d9c018000-7f6d9c118000 rw-p 00000000 00:00 0 
7f6d9c118000-7f6d9c119000 ---p 00000000 00:00 0 
7f6d9c119000-7f6d9c219000 rw-p 00000000 00:00 0 
7f6d9c219000-7f6d9c21a000 ---p 00000000 00:00 0 
7f6d9c21a000-7f6d9c35f000 rw-p 00000000 00:00 0 
7f6d9c35f000-7f6d9d35f000 ---p 00000000 00:00 0 
7f6d9d35f000-7f6d9d566000 rw-p 00000000 00:00 0 
7f6d9d566000-7f6d9d64c000 ---p 00000000 00:00 0 
7f6d9d64c000-7f6d9d651000 rw-p 00000000 00:00 0 
7f6d9d651000-7f6d9d737000 ---p 00000000 00:00 0 
7f6d9d737000-7f6d9d73c000 rw-p 00000000 00:00 0 
7f6d9d73c000-7f6d9d743000 ---p 00000000 00:00 0 
7f6d9d743000-7f6d9d74f000 r--p 00000000 08:01 520601                     /usr/lib/jvm/java-17-openjdk-amd64/lib/libjava.so
7f6d9d74f000-7f6d9d762000 r-xp 0000c000 08:01 520601                     /usr/lib/jvm/java-17-openjdk-amd64/lib/libjava.so
7f6d9d762000-7f6d9d768000 r--p 0001f000 08:01 520601                     /usr/lib/jvm/java-17-openjdk-amd64/lib/libjava.so
7f6d9d768000-7f6d9d769000 ---p 00025000 08:01 520601                     /usr/lib/jvm/java-17-openjdk-amd64/lib/libjava.so
7f6d9d769000-7f6d9d76a000 r--p 00025000 08:01 520601                     /usr/lib/jvm/java-17-openjdk-amd64/lib/libjava.so
7f6d9d76a000-7f6d9d76b000 rw-p 00026000 08:01 520601                     /usr/lib/jvm/java-17-openjdk-amd64/lib/libjava.so
7f6d9d76b000-7f6d9d76c000 rw-p 00000000 00:00 0 
7f6d9d76c000-7f6d9d774000 rw-s 00000000 08:01 1032249                    /tmp/hsperfdata_azureuser/4273
7f6d9d774000-7f6d9d777000 r--p 00000000 08:01 2981                       /usr/lib/x86_64-linux-gnu/libnss_files-2.31.so
7f6d9d777000-7f6d9d77e000 r-xp 00003000 08:01 2981                       /usr/lib/x86_64-linux-gnu/libnss_files-2.31.so
7f6d9d77e000-7f6d9d780000 r--p 0000a000 08:01 2981                       /usr/lib/x86_64-linux-gnu/libnss_files-2.31.so
7f6d9d780000-7f6d9d781000 r--p 0000b000 08:01 2981                       /usr/lib/x86_64-linux-gnu/libnss_files-2.31.so
7f6d9d781000-7f6d9d782000 rw-p 0000c000 08:01 2981                       /usr/lib/x86_64-linux-gnu/libnss_files-2.31.so
7f6d9d782000-7f6d9d788000 rw-p 00000000 00:00 0 
7f6d9d78e000-7f6d9d790000 r--p 00000000 08:01 520604                     /usr/lib/jvm/java-17-openjdk-amd64/lib/libjimage.so
7f6d9d790000-7f6d9d793000 r-xp 00002000 08:01 520604                     /usr/lib/jvm/java-17-openjdk-amd64/lib/libjimage.so
7f6d9d793000-7f6d9d794000 r--p 00005000 08:01 520604                     /usr/lib/jvm/java-17-openjdk-amd64/lib/libjimage.so
7f6d9d794000-7f6d9d795000 ---p 00006000 08:01 520604                     /usr/lib/jvm/java-17-openjdk-amd64/lib/libjimage.so
7f6d9d795000-7f6d9d796000 r--p 00006000 08:01 520604                     /usr/lib/jvm/java-17-openjdk-amd64/lib/libjimage.so
7f6d9d796000-7f6d9d797000 rw-p 00007000 08:01 520604                     /usr/lib/jvm/java-17-openjdk-amd64/lib/libjimage.so
7f6d9d797000-7f6d9d79b000 ---p 00000000 00:00 0 
7f6d9d79b000-7f6d9d898000 rw-p 00000000 00:00 0 
7f6d9d898000-7f6d9d89b000 r--p 00000000 08:01 2902                       /usr/lib/x86_64-linux-gnu/libgcc_s.so.1
7f6d9d89b000-7f6d9d8ad000 r-xp 00003000 08:01 2902                       /usr/lib/x86_64-linux-gnu/libgcc_s.so.1
7f6d9d8ad000-7f6d9d8b1000 r--p 00015000 08:01 2902                       /usr/lib/x86_64-linux-gnu/libgcc_s.so.1
7f6d9d8b1000-7f6d9d8b2000 r--p 00018000 08:01 2902                       /usr/lib/x86_64-linux-gnu/libgcc_s.so.1
7f6d9d8b2000-7f6d9d8b3000 rw-p 00019000 08:01 2902                       /usr/lib/x86_64-linux-gnu/libgcc_s.so.1
7f6d9d8b3000-7f6d9d8c0000 r--p 00000000 08:01 2910                       /usr/lib/x86_64-linux-gnu/libm-2.31.so
7f6d9d8c0000-7f6d9d967000 r-xp 0000d000 08:01 2910                       /usr/lib/x86_64-linux-gnu/libm-2.31.so
7f6d9d967000-7f6d9da00000 r--p 000b4000 08:01 2910                       /usr/lib/x86_64-linux-gnu/libm-2.31.so
7f6d9da00000-7f6d9da01000 r--p 0014c000 08:01 2910                       /usr/lib/x86_64-linux-gnu/libm-2.31.so
7f6d9da01000-7f6d9da02000 rw-p 0014d000 08:01 2910                       /usr/lib/x86_64-linux-gnu/libm-2.31.so
7f6d9da02000-7f6d9da98000 r--p 00000000 08:01 2901                       /usr/lib/x86_64-linux-gnu/libstdc++.so.6.0.28
7f6d9da98000-7f6d9db89000 r-xp 00096000 08:01 2901                       /usr/lib/x86_64-linux-gnu/libstdc++.so.6.0.28
7f6d9db89000-7f6d9dbd2000 r--p 00187000 08:01 2901                       /usr/lib/x86_64-linux-gnu/libstdc++.so.6.0.28
7f6d9dbd2000-7f6d9dbd3000 ---p 001d0000 08:01 2901                       /usr/lib/x86_64-linux-gnu/libstdc++.so.6.0.28
7f6d9dbd3000-7f6d9dbde000 r--p 001d0000 08:01 2901                       /usr/lib/x86_64-linux-gnu/libstdc++.so.6.0.28
7f6d9dbde000-7f6d9dbe1000 rw-p 001db000 08:01 2901                       /usr/lib/x86_64-linux-gnu/libstdc++.so.6.0.28
7f6d9dbe1000-7f6d9dbe4000 rw-p 00000000 00:00 0 
7f6d9dbe4000-7f6d9dbe6000 r--p 00000000 08:01 2988                       /usr/lib/x86_64-linux-gnu/librt-2.31.so
7f6d9dbe6000-7f6d9dbea000 r-xp 00002000 08:01 2988                       /usr/lib/x86_64-linux-gnu/librt-2.31.so
7f6d9dbea000-7f6d9dbec000 r--p 00006000 08:01 2988                       /usr/lib/x86_64-linux-gnu/librt-2.31.so
7f6d9dbec000-7f6d9dbed000 r--p 00007000 08:01 2988                       /usr/lib/x86_64-linux-gnu/librt-2.31.so
7f6d9dbed000-7f6d9dbee000 rw-p 00008000 08:01 2988                       /usr/lib/x86_64-linux-gnu/librt-2.31.so
7f6d9dbee000-7f6d9de3f000 r--p 00000000 08:01 520629                     /usr/lib/jvm/java-17-openjdk-amd64/lib/server/libjvm.so
7f6d9de3f000-7f6d9eb98000 r-xp 00251000 08:01 520629                     /usr/lib/jvm/java-17-openjdk-amd64/lib/server/libjvm.so
7f6d9eb98000-7f6d9ee20000 r--p 00faa000 08:01 520629                     /usr/lib/jvm/java-17-openjdk-amd64/lib/server/libjvm.so
7f6d9ee20000-7f6d9eed8000 r--p 01231000 08:01 520629                     /usr/lib/jvm/java-17-openjdk-amd64/lib/server/libjvm.so
7f6d9eed8000-7f6d9ef0d000 rw-p 012e9000 08:01 520629                     /usr/lib/jvm/java-17-openjdk-amd64/lib/server/libjvm.so
7f6d9ef0d000-7f6d9ef69000 rw-p 00000000 00:00 0 
7f6d9ef69000-7f6d9ef8b000 r--p 00000000 08:01 2908                       /usr/lib/x86_64-linux-gnu/libc-2.31.so
7f6d9ef8b000-7f6d9f103000 r-xp 00022000 08:01 2908                       /usr/lib/x86_64-linux-gnu/libc-2.31.so
7f6d9f103000-7f6d9f151000 r--p 0019a000 08:01 2908                       /usr/lib/x86_64-linux-gnu/libc-2.31.so
7f6d9f151000-7f6d9f155000 r--p 001e7000 08:01 2908                       /usr/lib/x86_64-linux-gnu/libc-2.31.so
7f6d9f155000-7f6d9f157000 rw-p 001eb000 08:01 2908                       /usr/lib/x86_64-linux-gnu/libc-2.31.so
7f6d9f157000-7f6d9f15b000 rw-p 00000000 00:00 0 
7f6d9f15b000-7f6d9f15c000 r--p 00000000 08:01 2909                       /usr/lib/x86_64-linux-gnu/libdl-2.31.so
7f6d9f15c000-7f6d9f15e000 r-xp 00001000 08:01 2909                       /usr/lib/x86_64-linux-gnu/libdl-2.31.so
7f6d9f15e000-7f6d9f15f000 r--p 00003000 08:01 2909                       /usr/lib/x86_64-linux-gnu/libdl-2.31.so
7f6d9f15f000-7f6d9f160000 r--p 00003000 08:01 2909                       /usr/lib/x86_64-linux-gnu/libdl-2.31.so
7f6d9f160000-7f6d9f161000 rw-p 00004000 08:01 2909                       /usr/lib/x86_64-linux-gnu/libdl-2.31.so
7f6d9f161000-7f6d9f167000 r--p 00000000 08:01 2986                       /usr/lib/x86_64-linux-gnu/libpthread-2.31.so
7f6d9f167000-7f6d9f178000 r-xp 00006000 08:01 2986                       /usr/lib/x86_64-linux-gnu/libpthread-2.31.so
7f6d9f178000-7f6d9f17e000 r--p 00017000 08:01 2986                       /usr/lib/x86_64-linux-gnu/libpthread-2.31.so
7f6d9f17e000-7f6d9f17f000 r--p 0001c000 08:01 2986                       /usr/lib/x86_64-linux-gnu/libpthread-2.31.so
7f6d9f17f000-7f6d9f180000 rw-p 0001d000 08:01 2986                       /usr/lib/x86_64-linux-gnu/libpthread-2.31.so
7f6d9f180000-7f6d9f184000 rw-p 00000000 00:00 0 
7f6d9f184000-7f6d9f186000 r--p 00000000 08:01 520605                     /usr/lib/jvm/java-17-openjdk-amd64/lib/libjli.so
7f6d9f186000-7f6d9f190000 r-xp 00002000 08:01 520605                     /usr/lib/jvm/java-17-openjdk-amd64/lib/libjli.so
7f6d9f190000-7f6d9f193000 r--p 0000c000 08:01 520605                     /usr/lib/jvm/java-17-openjdk-amd64/lib/libjli.so
7f6d9f193000-7f6d9f194000 ---p 0000f000 08:01 520605                     /usr/lib/jvm/java-17-openjdk-amd64/lib/libjli.so
7f6d9f194000-7f6d9f195000 r--p 0000f000 08:01 520605                     /usr/lib/jvm/java-17-openjdk-amd64/lib/libjli.so
7f6d9f195000-7f6d9f196000 rw-p 00010000 08:01 520605                     /usr/lib/jvm/java-17-openjdk-amd64/lib/libjli.so
7f6d9f196000-7f6d9f198000 r--p 00000000 08:01 3008                       /usr/lib/x86_64-linux-gnu/libz.so.1.2.11
7f6d9f198000-7f6d9f1a9000 r-xp 00002000 08:01 3008                       /usr/lib/x86_64-linux-gnu/libz.so.1.2.11
7f6d9f1a9000-7f6d9f1af000 r--p 00013000 08:01 3008                       /usr/lib/x86_64-linux-gnu/libz.so.1.2.11
7f6d9f1af000-7f6d9f1b0000 ---p 00019000 08:01 3008                       /usr/lib/x86_64-linux-gnu/libz.so.1.2.11
7f6d9f1b0000-7f6d9f1b1000 r--p 00019000 08:01 3008                       /usr/lib/x86_64-linux-gnu/libz.so.1.2.11
7f6d9f1b1000-7f6d9f1b2000 rw-p 0001a000 08:01 3008                       /usr/lib/x86_64-linux-gnu/libz.so.1.2.11
7f6d9f1b6000-7f6d9f1b7000 ---p 00000000 00:00 0 
7f6d9f1b7000-7f6d9f1b8000 r--p 00000000 00:00 0 
7f6d9f1b8000-7f6d9f1ba000 rw-p 00000000 00:00 0 
7f6d9f1ba000-7f6d9f1bb000 r--p 00000000 08:01 2904                       /usr/lib/x86_64-linux-gnu/ld-2.31.so
7f6d9f1bb000-7f6d9f1de000 r-xp 00001000 08:01 2904                       /usr/lib/x86_64-linux-gnu/ld-2.31.so
7f6d9f1de000-7f6d9f1e6000 r--p 00024000 08:01 2904                       /usr/lib/x86_64-linux-gnu/ld-2.31.so
7f6d9f1e6000-7f6d9f1e7000 ---p 00000000 00:00 0 
7f6d9f1e7000-7f6d9f1e8000 r--p 0002c000 08:01 2904                       /usr/lib/x86_64-linux-gnu/ld-2.31.so
7f6d9f1e8000-7f6d9f1e9000 rw-p 0002d000 08:01 2904                       /usr/lib/x86_64-linux-gnu/ld-2.31.so
7f6d9f1e9000-7f6d9f1ea000 rw-p 00000000 00:00 0 
7ffcb96d1000-7ffcb96f2000 rw-p 00000000 00:00 0                          [stack]
7ffcb97d7000-7ffcb97db000 r--p 00000000 00:00 0                          [vvar]
7ffcb97db000-7ffcb97dd000 r-xp 00000000 00:00 0                          [vdso]
ffffffffff600000-ffffffffff601000 --xp 00000000 00:00 0                  [vsyscall]


VM Arguments:
jvm_args: -Xmx4G -Xms4G 
java_command: paper-1.21-99.jar nogui
java_class_path (initial): paper-1.21-99.jar
Launcher Type: SUN_STANDARD

[Global flags]
     intx CICompilerCount                          = 2                                         {product} {ergonomic}
     uint ConcGCThreads                            = 1                                         {product} {ergonomic}
     uint G1ConcRefinementThreads                  = 2                                         {product} {ergonomic}
   size_t G1HeapRegionSize                         = 2097152                                   {product} {ergonomic}
    uintx GCDrainStackTargetSize                   = 64                                        {product} {ergonomic}
   size_t InitialHeapSize                          = 4294967296                                {product} {command line}
   size_t MarkStackSize                            = 4194304                                   {product} {ergonomic}
   size_t MaxHeapSize                              = 4294967296                                {product} {command line}
   size_t MinHeapDeltaBytes                        = 2097152                                   {product} {ergonomic}
   size_t MinHeapSize                              = 4294967296                                {product} {command line}
    uintx NonNMethodCodeHeapSize                   = 5826188                                {pd product} {ergonomic}
    uintx NonProfiledCodeHeapSize                  = 122916026                              {pd product} {ergonomic}
    uintx ProfiledCodeHeapSize                     = 122916026                              {pd product} {ergonomic}
    uintx ReservedCodeCacheSize                    = 251658240                              {pd product} {ergonomic}
     bool SegmentedCodeCache                       = true                                      {product} {ergonomic}
   size_t SoftMaxHeapSize                          = 4294967296                             {manageable} {ergonomic}
     bool UseCompressedClassPointers               = true                           {product lp64_product} {ergonomic}
     bool UseCompressedOops                        = true                           {product lp64_product} {ergonomic}
     bool UseG1GC                                  = true                                      {product} {ergonomic}

Logging:
Log output configuration:
 #0: stdout all=warning uptime,level,tags
 #1: stderr all=off uptime,level,tags

Environment Variables:
PATH=/home/azureuser/.local/bin:/usr/local/sbin:/usr/local/bin:/usr/sbin:/usr/bin:/sbin:/bin:/usr/games:/usr/local/games:/snap/bin
SHELL=/bin/bash
LANG=C.UTF-8
LC_CTYPE=C.UTF-8
TERM=screen.xterm-256color

Active Locale:
LC_ALL=C
LC_COLLATE=C
LC_CTYPE=C
LC_MESSAGES=C
LC_MONETARY=C
LC_NUMERIC=C
LC_TIME=C

Signal Handlers:
   SIGSEGV: crash_handler in libjvm.so, mask=11100100010111111101111111111110, flags=SA_RESTART|SA_SIGINFO, unblocked
    SIGBUS: crash_handler in libjvm.so, mask=11100100010111111101111111111110, flags=SA_RESTART|SA_SIGINFO, unblocked
    SIGFPE: crash_handler in libjvm.so, mask=11100100010111111101111111111110, flags=SA_RESTART|SA_SIGINFO, unblocked
   SIGPIPE: javaSignalHandler in libjvm.so, mask=11100100010111111101111111111110, flags=SA_RESTART|SA_SIGINFO, blocked
   SIGXFSZ: javaSignalHandler in libjvm.so, mask=11100100010111111101111111111110, flags=SA_RESTART|SA_SIGINFO, blocked
    SIGILL: crash_handler in libjvm.so, mask=11100100010111111101111111111110, flags=SA_RESTART|SA_SIGINFO, unblocked
   SIGUSR2: SR_handler in libjvm.so, mask=00000000000000000000000000000000, flags=SA_RESTART|SA_SIGINFO, blocked
    SIGHUP: SIG_DFL, mask=00000000000000000000000000000000, flags=none, blocked
    SIGINT: SIG_DFL, mask=00000000000000000000000000000000, flags=none, blocked
   SIGTERM: SIG_DFL, mask=00000000000000000000000000000000, flags=none, blocked
   SIGQUIT: UserHandler in libjvm.so, mask=11100100010111111101111111111110, flags=SA_RESTART|SA_SIGINFO, blocked
   SIGTRAP: crash_handler in libjvm.so, mask=11100100010111111101111111111110, flags=SA_RESTART|SA_SIGINFO, unblocked


Periodic native trim disabled


---------------  S Y S T E M  ---------------

OS:
DISTRIB_ID=Ubuntu
DISTRIB_RELEASE=20.04
DISTRIB_CODENAME=focal
DISTRIB_DESCRIPTION="Ubuntu 20.04.6 LTS"
uname: Linux 5.15.0-1068-azure #77~20.04.1-Ubuntu SMP Fri Jun 21 22:05:38 UTC 2024 x86_64
OS uptime: 0 days 0:20 hours
libc: glibc 2.31 NPTL 2.31 
rlimit (soft/hard): STACK 8192k/infinity , CORE 0k/infinity , NPROC 15417/15417 , NOFILE 1048576/1048576 , AS infinity/infinity , CPU infinity/infinity , DATA infinity/infinity , FSIZE infinity/infinity , MEMLOCK 65536k/65536k
load average: 0.04 0.11 0.09

/proc/meminfo:
MemTotal:        3956012 kB
MemFree:         1771920 kB
MemAvailable:    3253352 kB
Buffers:           21576 kB
Cached:          1644572 kB
SwapCached:            0 kB
Active:           411284 kB
Inactive:        1553616 kB
Active(anon):        580 kB
Inactive(anon):   302060 kB
Active(file):     410704 kB
Inactive(file):  1251556 kB
Unevictable:        3072 kB
Mlocked:               0 kB
SwapTotal:             0 kB
SwapFree:              0 kB
Dirty:               272 kB
Writeback:             0 kB
AnonPages:        295452 kB
Mapped:           230520 kB
Shmem:              3788 kB
KReclaimable:      63488 kB
Slab:             106964 kB
SReclaimable:      63488 kB
SUnreclaim:        43476 kB
KernelStack:        6516 kB
PageTables:         6316 kB
NFS_Unstable:          0 kB
Bounce:                0 kB
WritebackTmp:          0 kB
CommitLimit:     1978004 kB
Committed_AS:    3437064 kB
VmallocTotal:   34359738367 kB
VmallocUsed:       42096 kB
VmallocChunk:          0 kB
Percpu:             1704 kB
HardwareCorrupted:     0 kB
AnonHugePages:     34816 kB
ShmemHugePages:        0 kB
ShmemPmdMapped:        0 kB
FileHugePages:         0 kB
FilePmdMapped:         0 kB
HugePages_Total:       0
HugePages_Free:        0
HugePages_Rsvd:        0
HugePages_Surp:        0
Hugepagesize:       2048 kB
Hugetlb:               0 kB
DirectMap4k:      109836 kB
DirectMap2M:     1935360 kB
DirectMap1G:     4194304 kB

/sys/kernel/mm/transparent_hugepage/enabled: [always] madvise never
/sys/kernel/mm/transparent_hugepage/hpage_pmd_size: 2097152
/sys/kernel/mm/transparent_hugepage/defrag (defrag/compaction efforts parameter): always defer defer+madvise [madvise] never

Process Memory:
Virtual Size: 862820K (peak: 5053148K)
Resident Set Size: 19156K (peak: 19156K) (anon: 6128K, file: 13028K, shmem: 0K)
Swapped out: 0K
C-Heap outstanding allocations: 8928K, retained: 527K
glibc malloc tunables: (default)

/proc/sys/kernel/threads-max (system-wide limit on the number of threads): 30835
/proc/sys/vm/max_map_count (maximum number of memory map areas a process may have): 65530
/proc/sys/kernel/pid_max (system-wide limit on number of process identifiers): 4194304

container (cgroup) information:
container_type: cgroupv1
cpu_cpuset_cpus: 0-1
cpu_memory_nodes: 0
active_processor_count: 2
cpu_quota: no quota
cpu_period: 100000
cpu_shares: no shares
memory_limit_in_bytes: unlimited
memory_and_swap_limit_in_bytes: unlimited
memory_soft_limit_in_bytes: unlimited
memory_usage_in_bytes: 1104088 k
memory_max_usage_in_bytes: 1213032 k
kernel_memory_usage_in_bytes: 34648 k
kernel_memory_max_usage_in_bytes: unlimited
kernel_memory_limit_in_bytes: 37932 k
maximum number of tasks: unlimited
current number of tasks: 12

Hyper-V virtualization detected
Steal ticks since vm start: 0
Steal ticks percentage since vm start:  0.000

CPU: total 2 (initial active 2) (2 cores per cpu, 1 threads per core) family 6 model 85 stepping 7 microcode 0xffffffff, cx8, cmov, fxsr, mmx, 3dnowpref, sse, sse2, sse3, ssse3, sse4.1, sse4.2, popcnt, lzcnt, tsc, avx, avx2, aes, erms, clmul, bmi1, bmi2, rtm, adx, avx512f, avx512dq, avx512cd, avx512bw, avx512vl, fma, vzeroupper, avx512_vnni, clflush, clflushopt, clwb, hv
CPU Model and flags from /proc/cpuinfo:
model name	: Intel(R) Xeon(R) Platinum 8272CL CPU @ 2.60GHz
flags		: fpu vme de pse tsc msr pae mce cx8 apic sep mtrr pge mca cmov pat pse36 clflush mmx fxsr sse sse2 ss ht syscall nx pdpe1gb rdtscp lm constant_tsc rep_good nopl xtopology cpuid pni pclmulqdq ssse3 fma cx16 pcid sse4_1 sse4_2 movbe popcnt aes xsave avx f16c rdrand hypervisor lahf_lm abm 3dnowprefetch invpcid_single fsgsbase bmi1 hle avx2 smep bmi2 erms invpcid rtm avx512f avx512dq rdseed adx smap clflushopt clwb avx512cd avx512bw avx512vl xsaveopt xsavec xgetbv1 xsaves avx512_vnni arch_capabilities

Online cpus: 0-1
Offline cpus: 
BIOS frequency limitation: <Not Available>
Frequency switch latency (ns): <Not Available>
Available cpu frequencies: <Not Available>
Current governor: <Not Available>
Core performance/turbo boost: <Not Available>

Memory: 4k page, physical 3956012k(1771672k free), swap 0k(0k free)
Page Sizes: 4k

vm_info: OpenJDK 64-Bit Server VM (17.0.11+9-Ubuntu-120.04.2) for linux-amd64 JRE (17.0.11+9-Ubuntu-120.04.2), built on May 30 2024 05:13:33 by "buildd" with gcc 10.5.0

END.
