[14:28:28] [ServerMain/INFO]: Environment: Environment[sessionHost=https://sessionserver.mojang.com, servicesHost=https://api.minecraftservices.com, name=PROD]
[14:28:29] [ServerMain/INFO]: Loaded 1290 recipes
[14:28:29] [ServerMain/INFO]: Loaded 1399 advancements
[14:28:29] [Server thread/INFO]: Starting minecraft server version 1.21
[14:28:29] [Server thread/INFO]: Loading properties
[14:28:29] [Server thread/INFO]: This server is running Paper version 1.21-99-master@f1f01a1 (2024-07-19T19:43:35Z) (Implementing API version 1.21-R0.1-SNAPSHOT)
[14:28:30] [Server thread/INFO]: Using 4 threads for Netty based IO
[14:28:30] [Server thread/INFO]: Server Ping Player Sample Count: 12
[14:28:30] [Server thread/INFO]: [ChunkTaskScheduler] Chunk system is using 1 I/O threads, 3 worker threads, and population gen parallelism of 3 threads
[14:28:30] [Server thread/INFO]: Default game type: SURVIVAL
[14:28:30] [Server thread/INFO]: Generating keypair
[14:28:30] [Server thread/INFO]: Starting Minecraft server on *:25565
[14:28:30] [Server thread/INFO]: Using default channel type
[14:28:31] [Server thread/INFO]: Paper: Using libdeflate (macOS ARM64 / Apple Silicon) compression from Velocity.
[14:28:31] [Server thread/INFO]: Paper: Using native (macOS ARM64 / Apple Silicon) cipher from Velocity.
[14:28:31] [Server thread/INFO]: [floodgate] Loading server plugin floodgate v2.2.3-SNAPSHOT (b109-49bd564)
[14:28:32] [Server thread/INFO]: [floodgate] Took 813ms to boot Floodgate
[14:28:32] [Server thread/INFO]: [Geyser-Spigot] Loading server plugin Geyser-Spigot v2.4.0-SNAPSHOT
[14:28:33] [Server thread/INFO]: [Geyser-Spigot] Loading extensions...
[14:28:33] [Server thread/INFO]: [Geyser-Spigot] Loaded 0 extension(s)
[14:28:33] [Server thread/INFO]: Server permissions file permissions.yml is empty, ignoring it
[14:28:33] [Server thread/WARN]: **** SERVER IS RUNNING IN OFFLINE/INSECURE MODE!
[14:28:33] [Server thread/WARN]: The server will make no attempt to authenticate usernames. Beware.
[14:28:33] [Server thread/WARN]: While this makes the game possible to play without internet access, it also opens up the ability for hackers to connect with any username they choose.
[14:28:33] [Server thread/WARN]: To change this, set "online-mode" to "true" in the server.properties file.
[14:28:33] [Server thread/INFO]: Preparing level "world"
[14:28:33] [Server thread/INFO]: Preparing start region for dimension minecraft:overworld
[14:28:33] [Server thread/INFO]: Time elapsed: 537 ms
[14:28:33] [Server thread/INFO]: Preparing start region for dimension minecraft:the_nether
[14:28:33] [Server thread/INFO]: Time elapsed: 63 ms
[14:28:33] [Server thread/INFO]: Preparing start region for dimension minecraft:the_end
[14:28:33] [Server thread/INFO]: Time elapsed: 37 ms
[14:28:33] [Server thread/INFO]: [floodgate] Enabling floodgate v2.2.3-SNAPSHOT (b109-49bd564)
[14:28:34] [Server thread/INFO]: [Geyser-Spigot] Enabling Geyser-Spigot v2.4.0-SNAPSHOT
[14:28:34] [Server thread/INFO]: [Geyser-Spigot] ******************************************
[14:28:34] [Server thread/INFO]: [Geyser-Spigot] 
[14:28:34] [Server thread/INFO]: [Geyser-Spigot] Loading Geyser version 2.4.0-b612 (git-master-8fd99e1)
[14:28:34] [Server thread/INFO]: [Geyser-Spigot] 
[14:28:34] [Server thread/INFO]: [Geyser-Spigot] ******************************************
[14:28:37] [Server thread/INFO]: [Geyser-Spigot] Started Geyser on 0.0.0.0:19132
[14:28:37] [Server thread/INFO]: [Geyser-Spigot] Done (3.582s)! Run /geyser help for help!
[14:28:37] [Server thread/INFO]: Done preparing level "world" (4.888s)
[14:28:37] [Server thread/INFO]: Running delayed init tasks
[14:28:37] [Server thread/INFO]: Done (11.660s)! For help, type "help"
[14:28:37] [Server thread/INFO]: Timings Reset
[14:29:08] [nioEventLoopGroup-4-1/INFO]: [Geyser-Spigot] Player connected with username Tridentblade09
[14:29:08] [localSession-7-2/INFO]: [Geyser-Spigot] Tridentblade09 (logged in as: Tridentblade09) has connected to the Java server
[14:29:08] [Server thread/INFO]: [floodgate] Floodgate player logged in as .Tridentblade09 joined (UUID: 00000000-0000-0000-0009-01fce0efd3b1)
[14:29:08] [Server thread/INFO]: .Tridentblade09 joined the game
[14:29:08] [Server thread/INFO]: .Tridentblade09[/192.168.1.9:0] logged in with entity id 284 at ([world]50.35644, 64.0, -26.289711)
[14:31:48] [Async Chat Thread - #0/INFO]: [Not Secure] <.Tridentblade09> ebgr rgbr 5
[14:32:09] [Async Chat Thread - #0/INFO]: [Not Secure] <.Tridentblade09> 50.36 64.00 -26.29
[14:32:11] [Async Chat Thread - #0/INFO]: [Not Secure] <.Tridentblade09> 50.36 64.00 -26.29
[14:32:53] [localSession-7-2/INFO]: [Geyser-Spigot] Tridentblade09 has disconnected from the Java server because of Bedrock client disconnected
[14:32:53] [Geyser Spigot connection thread-6-3/INFO]: [floodgate] Floodgate player logged in as .Tridentblade09 disconnected
[14:32:53] [Server thread/INFO]: .Tridentblade09 lost connection: Disconnected
[14:32:53] [Server thread/INFO]: .Tridentblade09 left the game
[14:33:51] [Server thread/INFO]: Stopping server
[14:33:51] [Server thread/INFO]: [Geyser-Spigot] Disabling Geyser-Spigot v2.4.0-SNAPSHOT
[14:33:51] [Server thread/INFO]: [Geyser-Spigot] Shutting down Geyser.
[14:33:51] [Server thread/INFO]: [Geyser-Spigot] Geyser shutdown successfully.
[14:33:51] [Server thread/INFO]: [floodgate] Disabling floodgate v2.2.3-SNAPSHOT (b109-49bd564)
[14:33:51] [Server thread/INFO]: Saving players
[14:33:51] [Server thread/INFO]: Saving worlds
[14:33:51] [Server thread/INFO]: Saving chunks for level 'ServerLevel[world]'/minecraft:overworld
[14:33:51] [Server thread/INFO]: [ChunkHolderManager] Waiting 60s for chunk system to halt for world 'world'
[14:33:51] [Server thread/INFO]: [ChunkHolderManager] Halted chunk system for world 'world'
[14:33:51] [Server thread/INFO]: [ChunkHolderManager] Saving all chunkholders for world 'world'
[14:33:51] [WebSocketConnectReadThread-84/INFO]: [Geyser-Spigot] The skin uploader has been closed
[14:33:52] [Server thread/INFO]: [ChunkHolderManager] Saved 792 block chunks, 820 entity chunks, 0 poi chunks in world 'world' in 0.66s
[14:33:52] [Server thread/INFO]: Saving chunks for level 'ServerLevel[world_nether]'/minecraft:the_nether
[14:33:52] [Server thread/INFO]: [ChunkHolderManager] Waiting 60s for chunk system to halt for world 'world_nether'
[14:33:52] [Server thread/INFO]: [ChunkHolderManager] Halted chunk system for world 'world_nether'
[14:33:52] [Server thread/INFO]: [ChunkHolderManager] Saving all chunkholders for world 'world_nether'
[14:33:52] [Server thread/INFO]: [ChunkHolderManager] Saved 0 block chunks, 28 entity chunks, 0 poi chunks in world 'world_nether' in 0.02s
[14:33:52] [Server thread/INFO]: Saving chunks for level 'ServerLevel[world_the_end]'/minecraft:the_end
[14:33:52] [Server thread/INFO]: [ChunkHolderManager] Waiting 60s for chunk system to halt for world 'world_the_end'
[14:33:52] [Server thread/INFO]: [ChunkHolderManager] Halted chunk system for world 'world_the_end'
[14:33:52] [Server thread/INFO]: [ChunkHolderManager] Saving all chunkholders for world 'world_the_end'
[14:33:52] [Server thread/INFO]: [ChunkHolderManager] Saved 0 block chunks, 20 entity chunks, 0 poi chunks in world 'world_the_end' in 0.02s
[14:33:52] [Server thread/INFO]: ThreadedAnvilChunkStorage (world): All chunks are saved
[14:33:52] [Server thread/INFO]: ThreadedAnvilChunkStorage (DIM-1): All chunks are saved
[14:33:52] [Server thread/INFO]: ThreadedAnvilChunkStorage (DIM1): All chunks are saved
[14:33:52] [Server thread/INFO]: ThreadedAnvilChunkStorage: All dimensions are saved
